2025-08-24 10:35:16,148 - INFO - 🚀 INICIANDO AVALIAÇÃO COMPLETA DE QUALIDADE DE DADOS
2025-08-24 10:35:16,148 - INFO - === MONITORANDO DIMENSÃO: COMPLETUDE ===
2025-08-24 10:35:16,161 - INFO - Score de Completude: 92.32%
2025-08-24 10:35:16,161 - INFO - === MONITORANDO DIMENSÃO: CONSISTÊNCIA ===
2025-08-24 10:35:16,162 - INFO - Score de Consistência: 83.01%
2025-08-24 10:35:16,162 - INFO - === MONITORANDO DIMENSÃO: PRECISÃO ===
2025-08-24 10:35:16,165 - INFO - Score de Precisão: 97.15%
2025-08-24 10:35:16,165 - INFO - === MONITORANDO DIMENSÃO: ATUALIDADE ===
2025-08-24 10:35:16,167 - INFO - Score de Atualidade: 7.05%
2025-08-24 10:35:16,167 - INFO - === MONITORANDO DIMENSÃO: INTEGRIDADE ===
2025-08-24 10:35:16,171 - INFO - Score de Integridade: 96.82%
2025-08-24 10:35:16,171 - INFO - === MONITORANDO DIMENSÃO: UNICIDADE ===
2025-08-24 10:35:16,178 - INFO - Score de Unicidade: 99.96%
2025-08-24 10:35:16,178 - INFO - === MONITORANDO DIMENSÃO: CONFORMIDADE (LGPD) ===
2025-08-24 10:35:16,181 - INFO - Score de Conformidade: 76.85%
2025-08-24 10:35:16,181 - INFO - === MONITORANDO GOVERNANÇA DE DADOS ===
2025-08-24 10:35:16,183 - INFO - Score de Governança: 99.79%
2025-08-24 10:35:16,183 - INFO - 📊 SCORE GERAL DE QUALIDADE: 79.02%
2025-08-24 10:35:16,183 - INFO - 🏛️ SCORE DE GOVERNANÇA: 99.79%
2025-08-24 10:35:16,184 - INFO - 📈 GERANDO DASHBOARD DE QUALIDADE DE DADOS
2025-08-24 10:35:39,771 - INFO - ✅ Dashboard salvo como 'dashboard_qualidade_dados.png'
2025-08-24 10:35:39,772 - INFO - 📋 GERANDO RELATÓRIO DETALHADO
2025-08-24 10:35:39,774 - INFO - ✅ Relatório detalhado salvo como 'relatorio_qualidade_dados.txt'
2025-08-24 10:35:39,775 - INFO - ✅ Métricas exportadas como 'metricas_qualidade_dados.json'
2025-08-24 10:36:54,241 - INFO - === MONITORANDO DIMENSÃO: COMPLETUDE ===
2025-08-24 10:36:54,254 - INFO - Score de Completude: 92.32%
2025-08-24 10:36:54,254 - INFO - === MONITORANDO DIMENSÃO: CONSISTÊNCIA ===
2025-08-24 10:36:54,256 - INFO - Score de Consistência: 83.01%
2025-08-24 10:36:54,256 - INFO - === MONITORANDO DIMENSÃO: PRECISÃO ===
2025-08-24 10:36:54,259 - INFO - Score de Precisão: 97.15%
2025-08-24 10:36:54,259 - INFO - === MONITORANDO DIMENSÃO: ATUALIDADE ===
2025-08-24 10:36:54,261 - INFO - Score de Atualidade: 7.05%
2025-08-24 10:36:54,261 - INFO - === MONITORANDO DIMENSÃO: INTEGRIDADE ===
2025-08-24 10:36:54,265 - INFO - Score de Integridade: 96.82%
2025-08-24 10:36:54,266 - INFO - === MONITORANDO DIMENSÃO: UNICIDADE ===
2025-08-24 10:36:54,272 - INFO - Score de Unicidade: 99.96%
2025-08-24 10:36:54,272 - INFO - === MONITORANDO DIMENSÃO: CONFORMIDADE (LGPD) ===
2025-08-24 10:36:54,275 - INFO - Score de Conformidade: 76.85%
2025-08-24 10:36:54,276 - INFO - === MONITORANDO GOVERNANÇA DE DADOS ===
2025-08-24 10:36:54,279 - INFO - Score de Governança: 99.79%
2025-08-24 10:36:54,286 - INFO - 🚀 INICIANDO AVALIAÇÃO COMPLETA DE QUALIDADE DE DADOS
2025-08-24 10:36:54,286 - INFO - === MONITORANDO DIMENSÃO: COMPLETUDE ===
2025-08-24 10:36:54,289 - INFO - Score de Completude: 92.32%
2025-08-24 10:36:54,289 - INFO - === MONITORANDO DIMENSÃO: CONSISTÊNCIA ===
2025-08-24 10:36:54,290 - INFO - Score de Consistência: 83.01%
2025-08-24 10:36:54,290 - INFO - === MONITORANDO DIMENSÃO: PRECISÃO ===
2025-08-24 10:36:54,293 - INFO - Score de Precisão: 97.15%
2025-08-24 10:36:54,293 - INFO - === MONITORANDO DIMENSÃO: ATUALIDADE ===
2025-08-24 10:36:54,295 - INFO - Score de Atualidade: 7.05%
2025-08-24 10:36:54,295 - INFO - === MONITORANDO DIMENSÃO: INTEGRIDADE ===
2025-08-24 10:36:54,299 - INFO - Score de Integridade: 96.82%
2025-08-24 10:36:54,299 - INFO - === MONITORANDO DIMENSÃO: UNICIDADE ===
2025-08-24 10:36:54,307 - INFO - Score de Unicidade: 99.96%
2025-08-24 10:36:54,307 - INFO - === MONITORANDO DIMENSÃO: CONFORMIDADE (LGPD) ===
2025-08-24 10:36:54,310 - INFO - Score de Conformidade: 76.85%
2025-08-24 10:36:54,310 - INFO - === MONITORANDO GOVERNANÇA DE DADOS ===
2025-08-24 10:36:54,312 - INFO - Score de Governança: 99.79%
2025-08-24 10:36:54,312 - INFO - 📊 SCORE GERAL DE QUALIDADE: 79.02%
2025-08-24 10:36:54,312 - INFO - 🏛️ SCORE DE GOVERNANÇA: 99.79%
